{
  "stats": {
    "suites": 1,
    "tests": 1,
    "passes": 1,
    "pending": 0,
    "failures": 0,
    "start": "2021-04-27T11:29:02.150Z",
    "end": "2021-04-27T11:29:04.811Z",
    "duration": 2661,
    "testsRegistered": 1,
    "passPercent": 100,
    "pendingPercent": 0,
    "other": 0,
    "hasOther": false,
    "skipped": 0,
    "hasSkipped": false
  },
  "results": [
    {
      "uuid": "f994e5e5-77b4-438e-afd4-b9cfd8a53a3e",
      "title": "",
      "fullFile": "cypress/integration/Login-spec.js",
      "file": "cypress/integration/Login-spec.js",
      "beforeHooks": [],
      "afterHooks": [],
      "tests": [],
      "suites": [
        {
          "uuid": "f80a3117-3fa6-4bff-a0da-5e655fa2bb64",
          "title": "Login user",
          "fullFile": "",
          "file": "",
          "beforeHooks": [],
          "afterHooks": [],
          "tests": [
            {
              "title": "Login",
              "fullTitle": "Login user Login",
              "timedOut": null,
              "duration": 1821,
              "state": "passed",
              "speed": "slow",
              "pass": true,
              "fail": false,
              "pending": false,
              "context": null,
              "code": "cy.visit(\"http://localhost:3000\");\ncy.get('h2').should(\"contain\", \"Login\");\ncy.get(':nth-child(1) > input').type(\"tester01\");\ncy.get(':nth-child(2) > input').type(\"GteteqbQQgSr88SwNExUQv2ydb7xuf8c\");\ncy.get('.btn').click();\ncy.get('.username').should(\"contain\", \"Welcome tester01!\");\ncy.get('h2').should(\"contain\", \"Tester Hotel Overview\");\ncy.get('.user > .btn').click();\ncy.get('h2').should(\"contain\", \"Login\");",
              "err": {},
              "uuid": "dfdd310b-6b33-45c3-b622-61114c05ee55",
              "parentUUID": "f80a3117-3fa6-4bff-a0da-5e655fa2bb64",
              "isHook": false,
              "skipped": false
            }
          ],
          "suites": [],
          "passes": [
            "dfdd310b-6b33-45c3-b622-61114c05ee55"
          ],
          "failures": [],
          "pending": [],
          "skipped": [],
          "duration": 1821,
          "root": false,
          "rootEmpty": false,
          "_timeout": 2000
        }
      ],
      "passes": [],
      "failures": [],
      "pending": [],
      "skipped": [],
      "duration": 0,
      "root": true,
      "rootEmpty": true,
      "_timeout": 2000
    }
  ],
  "meta": {
    "mocha": {
      "version": "7.0.1"
    },
    "mochawesome": {
      "options": {
        "quiet": false,
        "reportFilename": "mochawesome",
        "saveHtml": false,
        "saveJson": true,
        "consoleReporter": "spec",
        "useInlineDiffs": false,
        "code": true
      },
      "version": "6.2.2"
    },
    "marge": {
      "options": {
        "reportDir": "cypress/results",
        "overwrite": false,
        "html": false,
        "json": true
      },
      "version": "5.2.0"
    }
  }
}