{
  "stats": {
    "suites": 1,
    "tests": 6,
    "passes": 6,
    "pending": 0,
    "failures": 0,
    "start": "2021-04-29T19:26:49.016Z",
    "end": "2021-04-29T19:27:07.810Z",
    "duration": 18794,
    "testsRegistered": 6,
    "passPercent": 100,
    "pendingPercent": 0,
    "other": 0,
    "hasOther": false,
    "skipped": 0,
    "hasSkipped": false
  },
  "results": [
    {
      "uuid": "c6ecb496-cd21-43c8-9f08-311780f09a2e",
      "title": "",
      "fullFile": "cypress/integration/test-suite-with-po-spec.js",
      "file": "cypress/integration/test-suite-with-po-spec.js",
      "beforeHooks": [],
      "afterHooks": [],
      "tests": [],
      "suites": [
        {
          "uuid": "777e5a0b-13d0-4c4e-8a83-b04b63ccd8ff",
          "title": "Test suite with Page-objects",
          "fullFile": "",
          "file": "",
          "beforeHooks": [],
          "afterHooks": [],
          "tests": [
            {
              "title": "Create client and verify",
              "fullTitle": "Test suite with Page-objects Create client and verify",
              "timedOut": null,
              "duration": 3216,
              "state": "passed",
              "speed": "slow",
              "pass": true,
              "fail": false,
              "pending": false,
              "context": null,
              "code": "dashboardPage.viewClients(\"Clients\");\nclientsPage.createClient(\"New Client\");\ncreateNewClient.createNewClient(randomName, randomMail, randomPhone, \"Clients\");\nclientsPage.verifyLastClient(randomName, randomMail, randomPhone);",
              "err": {},
              "uuid": "58e270a4-8cf3-4796-b9f9-862ba8dabf68",
              "parentUUID": "777e5a0b-13d0-4c4e-8a83-b04b63ccd8ff",
              "isHook": false,
              "skipped": false
            },
            {
              "title": "Delete last client",
              "fullTitle": "Test suite with Page-objects Delete last client",
              "timedOut": null,
              "duration": 1868,
              "state": "passed",
              "speed": "slow",
              "pass": true,
              "fail": false,
              "pending": false,
              "context": null,
              "code": "dashboardPage.viewClients(\"Clients\");\nclientsPage.deleteLastClient();",
              "err": {},
              "uuid": "20d172c7-3b7e-46f8-bbce-a54e13dd2060",
              "parentUUID": "777e5a0b-13d0-4c4e-8a83-b04b63ccd8ff",
              "isHook": false,
              "skipped": false
            },
            {
              "title": "Create room",
              "fullTitle": "Test suite with Page-objects Create room",
              "timedOut": null,
              "duration": 3474,
              "state": "passed",
              "speed": "slow",
              "pass": true,
              "fail": false,
              "pending": false,
              "context": null,
              "code": "dashboardPage.viewRooms(\"Rooms\");\nroomsPage.createRoom(\"New Room\");\ncreateNewRoom.createNewRoom('double', randomRoomNumber, randomFloor, randomPrice, 'balcony', 'ensuite', 'Rooms');",
              "err": {},
              "uuid": "8ba16f03-d739-4627-aac6-49534823ac36",
              "parentUUID": "777e5a0b-13d0-4c4e-8a83-b04b63ccd8ff",
              "isHook": false,
              "skipped": false
            },
            {
              "title": "Verify new room created",
              "fullTitle": "Test suite with Page-objects Verify new room created",
              "timedOut": null,
              "duration": 1734,
              "state": "passed",
              "speed": "slow",
              "pass": true,
              "fail": false,
              "pending": false,
              "context": null,
              "code": "dashboardPage.viewRooms(\"Rooms\");\nroomsPage.verifyNewRoomCreated('double', randomRoomNumber, randomFloor, randomPrice, 'balcony', 'ensuite');",
              "err": {},
              "uuid": "f0239fe5-2576-422d-88b2-23d3bbfa6622",
              "parentUUID": "777e5a0b-13d0-4c4e-8a83-b04b63ccd8ff",
              "isHook": false,
              "skipped": false
            },
            {
              "title": "Delete last room",
              "fullTitle": "Test suite with Page-objects Delete last room",
              "timedOut": null,
              "duration": 1842,
              "state": "passed",
              "speed": "slow",
              "pass": true,
              "fail": false,
              "pending": false,
              "context": null,
              "code": "dashboardPage.viewRooms(\"Rooms\");\nroomsPage.deleteLastRoom();",
              "err": {},
              "uuid": "8f80a334-5e17-4aaf-90fe-c0293dd6f688",
              "parentUUID": "777e5a0b-13d0-4c4e-8a83-b04b63ccd8ff",
              "isHook": false,
              "skipped": false
            },
            {
              "title": "Input negative values",
              "fullTitle": "Test suite with Page-objects Input negative values",
              "timedOut": null,
              "duration": 3422,
              "state": "passed",
              "speed": "slow",
              "pass": true,
              "fail": false,
              "pending": false,
              "context": null,
              "code": "dashboardPage.viewRooms(\"Rooms\");\nroomsPage.createRoom(\"New Room\");\ncreateNewRoom.inputNegativeValues('Double', '-104', '-3', '-1500kr', 'Balcony', 'Price must be greater than 0', randomPrice, 'Rooms');",
              "err": {},
              "uuid": "5fc96b75-2360-49b1-930b-0ebb59f3aeb6",
              "parentUUID": "777e5a0b-13d0-4c4e-8a83-b04b63ccd8ff",
              "isHook": false,
              "skipped": false
            }
          ],
          "suites": [],
          "passes": [
            "58e270a4-8cf3-4796-b9f9-862ba8dabf68",
            "20d172c7-3b7e-46f8-bbce-a54e13dd2060",
            "8ba16f03-d739-4627-aac6-49534823ac36",
            "f0239fe5-2576-422d-88b2-23d3bbfa6622",
            "8f80a334-5e17-4aaf-90fe-c0293dd6f688",
            "5fc96b75-2360-49b1-930b-0ebb59f3aeb6"
          ],
          "failures": [],
          "pending": [],
          "skipped": [],
          "duration": 15556,
          "root": false,
          "rootEmpty": false,
          "_timeout": 2000
        }
      ],
      "passes": [],
      "failures": [],
      "pending": [],
      "skipped": [],
      "duration": 0,
      "root": true,
      "rootEmpty": true,
      "_timeout": 2000
    }
  ],
  "meta": {
    "mocha": {
      "version": "7.0.1"
    },
    "mochawesome": {
      "options": {
        "quiet": false,
        "reportFilename": "mochawesome",
        "saveHtml": false,
        "saveJson": true,
        "consoleReporter": "spec",
        "useInlineDiffs": false,
        "code": true
      },
      "version": "6.2.2"
    },
    "marge": {
      "options": {
        "reportDir": "cypress/results",
        "overwrite": false,
        "html": false,
        "json": true
      },
      "version": "5.2.0"
    }
  }
}