{
  "stats": {
    "suites": 1,
    "tests": 6,
    "passes": 6,
    "pending": 0,
    "failures": 0,
    "start": "2021-04-29T21:56:09.992Z",
    "end": "2021-04-29T21:56:54.881Z",
    "duration": 44889,
    "testsRegistered": 6,
    "passPercent": 100,
    "pendingPercent": 0,
    "other": 0,
    "hasOther": false,
    "skipped": 0,
    "hasSkipped": false
  },
  "results": [
    {
      "uuid": "7de6e151-9ea3-4b69-af46-9ae7c7b52b54",
      "title": "",
      "fullFile": "cypress/integration/test-suite-with-po-spec.js",
      "file": "cypress/integration/test-suite-with-po-spec.js",
      "beforeHooks": [],
      "afterHooks": [],
      "tests": [],
      "suites": [
        {
          "uuid": "a92b7555-69e6-493c-ace7-b5a760e08ef7",
          "title": "Test suite with Page-objects",
          "fullFile": "",
          "file": "",
          "beforeHooks": [],
          "afterHooks": [],
          "tests": [
            {
              "title": "Create client and verify",
              "fullTitle": "Test suite with Page-objects Create client and verify",
              "timedOut": null,
              "duration": 4607,
              "state": "passed",
              "speed": "slow",
              "pass": true,
              "fail": false,
              "pending": false,
              "context": null,
              "code": "dashboardPage.viewClients(\"Clients\");\nclientsPage.createClient(\"New Client\");\ncreateNewClient.createNewClient(randomName, randomMail, randomPhone, \"Clients\");\nclientsPage.verifyLastClient(randomName, randomMail, randomPhone);",
              "err": {},
              "uuid": "db907c19-d534-45b0-9d47-9dc8cd5ad52f",
              "parentUUID": "a92b7555-69e6-493c-ace7-b5a760e08ef7",
              "isHook": false,
              "skipped": false
            },
            {
              "title": "Delete last client",
              "fullTitle": "Test suite with Page-objects Delete last client",
              "timedOut": null,
              "duration": 2986,
              "state": "passed",
              "speed": "slow",
              "pass": true,
              "fail": false,
              "pending": false,
              "context": null,
              "code": "dashboardPage.viewClients(\"Clients\");\nclientsPage.deleteLastClient();",
              "err": {},
              "uuid": "051f9079-bedb-44c1-bb8d-37000a3c0ecb",
              "parentUUID": "a92b7555-69e6-493c-ace7-b5a760e08ef7",
              "isHook": false,
              "skipped": false
            },
            {
              "title": "Create room",
              "fullTitle": "Test suite with Page-objects Create room",
              "timedOut": null,
              "duration": 21329,
              "state": "passed",
              "speed": "slow",
              "pass": true,
              "fail": false,
              "pending": false,
              "context": null,
              "code": "dashboardPage.viewRooms(\"Rooms\");\nroomsPage.createRoom(\"New Room\");\ncreateNewRoom.createNewRoom('double', randomRoomNumber, randomFloor, randomPrice, 'balcony', 'ensuite', 'Rooms');",
              "err": {},
              "uuid": "216dae6e-71d7-48d4-a6c1-ce200fb7de2c",
              "parentUUID": "a92b7555-69e6-493c-ace7-b5a760e08ef7",
              "isHook": false,
              "skipped": false
            },
            {
              "title": "Verify new room created",
              "fullTitle": "Test suite with Page-objects Verify new room created",
              "timedOut": null,
              "duration": 3295,
              "state": "passed",
              "speed": "slow",
              "pass": true,
              "fail": false,
              "pending": false,
              "context": null,
              "code": "dashboardPage.viewRooms(\"Rooms\");\nroomsPage.verifyNewRoomCreated('double', randomRoomNumber, randomFloor, randomPrice, 'balcony', 'ensuite');",
              "err": {},
              "uuid": "181729b1-27f3-41ab-bafc-e2d1e413ea9e",
              "parentUUID": "a92b7555-69e6-493c-ace7-b5a760e08ef7",
              "isHook": false,
              "skipped": false
            },
            {
              "title": "Delete last room",
              "fullTitle": "Test suite with Page-objects Delete last room",
              "timedOut": null,
              "duration": 2640,
              "state": "passed",
              "speed": "slow",
              "pass": true,
              "fail": false,
              "pending": false,
              "context": null,
              "code": "dashboardPage.viewRooms(\"Rooms\");\nroomsPage.deleteLastRoom();",
              "err": {},
              "uuid": "1047ce9a-7062-4a05-b396-c31ae1b322ec",
              "parentUUID": "a92b7555-69e6-493c-ace7-b5a760e08ef7",
              "isHook": false,
              "skipped": false
            },
            {
              "title": "Input negative values",
              "fullTitle": "Test suite with Page-objects Input negative values",
              "timedOut": null,
              "duration": 4209,
              "state": "passed",
              "speed": "slow",
              "pass": true,
              "fail": false,
              "pending": false,
              "context": null,
              "code": "dashboardPage.viewRooms(\"Rooms\");\nroomsPage.createRoom(\"New Room\");\ncreateNewRoom.inputNegativeValues('Double', '-104', '-3', '-1500kr', 'Balcony', 'Price must be greater than 0', randomPrice, 'Rooms');",
              "err": {},
              "uuid": "1f47092f-9abb-42ec-b2d2-7527d5156bb3",
              "parentUUID": "a92b7555-69e6-493c-ace7-b5a760e08ef7",
              "isHook": false,
              "skipped": false
            }
          ],
          "suites": [],
          "passes": [
            "db907c19-d534-45b0-9d47-9dc8cd5ad52f",
            "051f9079-bedb-44c1-bb8d-37000a3c0ecb",
            "216dae6e-71d7-48d4-a6c1-ce200fb7de2c",
            "181729b1-27f3-41ab-bafc-e2d1e413ea9e",
            "1047ce9a-7062-4a05-b396-c31ae1b322ec",
            "1f47092f-9abb-42ec-b2d2-7527d5156bb3"
          ],
          "failures": [],
          "pending": [],
          "skipped": [],
          "duration": 39066,
          "root": false,
          "rootEmpty": false,
          "_timeout": 2000
        }
      ],
      "passes": [],
      "failures": [],
      "pending": [],
      "skipped": [],
      "duration": 0,
      "root": true,
      "rootEmpty": true,
      "_timeout": 2000
    }
  ],
  "meta": {
    "mocha": {
      "version": "7.0.1"
    },
    "mochawesome": {
      "options": {
        "quiet": false,
        "reportFilename": "mochawesome",
        "saveHtml": true,
        "saveJson": true,
        "consoleReporter": "spec",
        "useInlineDiffs": false,
        "code": true
      },
      "version": "6.2.2"
    },
    "marge": {
      "options": {
        "reportDir": "cypress/results",
        "overwrite": false,
        "html": true,
        "json": true
      },
      "version": "5.2.0"
    }
  }
}