{
  "stats": {
    "suites": 1,
    "tests": 2,
    "passes": 2,
    "pending": 0,
    "failures": 0,
    "start": "2021-04-27T11:16:28.290Z",
    "end": "2021-04-27T11:16:33.754Z",
    "duration": 5464,
    "testsRegistered": 2,
    "passPercent": 100,
    "pendingPercent": 0,
    "other": 0,
    "hasOther": false,
    "skipped": 0,
    "hasSkipped": false
  },
  "results": [
    {
      "uuid": "0e5b337f-63a1-4007-a65b-590a85bd39e1",
      "title": "",
      "fullFile": "cypress/integration/Client-spec.js",
      "file": "cypress/integration/Client-spec.js",
      "beforeHooks": [],
      "afterHooks": [],
      "tests": [],
      "suites": [
        {
          "uuid": "4233bea6-1da2-424e-9f3c-01c0e2fab4f2",
          "title": "Login user",
          "fullFile": "",
          "file": "",
          "beforeHooks": [],
          "afterHooks": [],
          "tests": [
            {
              "title": "Login",
              "fullTitle": "Login user Login",
              "timedOut": null,
              "duration": 2261,
              "state": "passed",
              "speed": "slow",
              "pass": true,
              "fail": false,
              "pending": false,
              "context": null,
              "code": "cy.visit(\"http://localhost:3000\");\ncy.get('h2').should(\"contain\", \"Login\");\ncy.get(':nth-child(1) > input').type(\"tester01\");\ncy.get(':nth-child(2) > input').type(\"GteteqbQQgSr88SwNExUQv2ydb7xuf8c\");\ncy.get('.btn').click();\ncy.get('.username').should(\"contain\", \"Welcome tester01!\");\ncy.get('h2').should(\"contain\", \"Tester Hotel Overview\");",
              "err": {},
              "uuid": "1fcaccfb-28be-478e-86f3-70da719a7fdf",
              "parentUUID": "4233bea6-1da2-424e-9f3c-01c0e2fab4f2",
              "isHook": false,
              "skipped": false
            },
            {
              "title": "Create client",
              "fullTitle": "Login user Create client",
              "timedOut": null,
              "duration": 1864,
              "state": "passed",
              "speed": "slow",
              "pass": true,
              "fail": false,
              "pending": false,
              "context": null,
              "code": "cy.visit(\"http://localhost:3000/clients\");\ncy.get('h2').should(\"contain\", \"Clients\");\ncy.get('h2 > .btn').click();\ncy.get('h2').should(\"contain\", \"New Client\");\ncy.get(':nth-child(1) > input').type(\"tester\");\ncy.get(':nth-child(2) > input').type(\"tester@tester.com\");\ncy.get(':nth-child(3) > input').type(\"1234567891\");\ncy.get('.blue').click();\ncy.get('h2').should(\"contain\", \"Clients\");\ncy.get(':nth-child(3) > :nth-child(2) > h3').should(\"contain\", \"tester\");\ncy.get('.user > .btn').click();\ncy.get('h2').should(\"contain\", \"Login\");",
              "err": {},
              "uuid": "021b06cf-4db5-4501-863d-c0ce4f8e3e8e",
              "parentUUID": "4233bea6-1da2-424e-9f3c-01c0e2fab4f2",
              "isHook": false,
              "skipped": false
            }
          ],
          "suites": [],
          "passes": [
            "1fcaccfb-28be-478e-86f3-70da719a7fdf",
            "021b06cf-4db5-4501-863d-c0ce4f8e3e8e"
          ],
          "failures": [],
          "pending": [],
          "skipped": [],
          "duration": 4125,
          "root": false,
          "rootEmpty": false,
          "_timeout": 2000
        }
      ],
      "passes": [],
      "failures": [],
      "pending": [],
      "skipped": [],
      "duration": 0,
      "root": true,
      "rootEmpty": true,
      "_timeout": 2000
    }
  ],
  "meta": {
    "mocha": {
      "version": "7.0.1"
    },
    "mochawesome": {
      "options": {
        "quiet": false,
        "reportFilename": "mochawesome",
        "saveHtml": false,
        "saveJson": true,
        "consoleReporter": "spec",
        "useInlineDiffs": false,
        "code": true
      },
      "version": "6.2.2"
    },
    "marge": {
      "options": {
        "reportDir": "cypress/results",
        "overwrite": false,
        "html": false,
        "json": true
      },
      "version": "5.2.0"
    }
  }
}