{
  "stats": {
    "suites": 6,
    "tests": 18,
    "passes": 14,
    "pending": 0,
    "failures": 2,
    "start": "2021-04-27T11:16:28.290Z",
    "end": "2021-04-27T11:29:29.515Z",
    "duration": 41194,
    "testsRegistered": 18,
    "passPercent": 77.77777777777777,
    "pendingPercent": 0,
    "other": 0,
    "hasOther": false,
    "skipped": 2,
    "hasSkipped": true
  },
  "results": [
    {
      "uuid": "e3cc8982-4868-4803-a6c8-6ece68dd8479",
      "title": "",
      "fullFile": "cypress/integration/Login-spec.js",
      "file": "cypress/integration/Login-spec.js",
      "beforeHooks": [],
      "afterHooks": [],
      "tests": [],
      "suites": [
        {
          "uuid": "30866853-a19e-40af-ad43-cdc6089ba797",
          "title": "Login user",
          "fullFile": "",
          "file": "",
          "beforeHooks": [],
          "afterHooks": [],
          "tests": [
            {
              "title": "Login",
              "fullTitle": "Login user Login",
              "timedOut": null,
              "duration": 2392,
              "state": "passed",
              "speed": "slow",
              "pass": true,
              "fail": false,
              "pending": false,
              "context": null,
              "code": "cy.visit(\"http://localhost:3000\");\ncy.get('h2').should(\"contain\", \"Login\");\ncy.get(':nth-child(1) > input').type(\"tester01\");\ncy.get(':nth-child(2) > input').type(\"GteteqbQQgSr88SwNExUQv2ydb7xuf8c\");\ncy.get('.btn').click();\ncy.get('.username').should(\"contain\", \"Welcome tester01!\");\ncy.get('h2').should(\"contain\", \"Tester Hotel Overview\");\ncy.get('.user > .btn').click();\ncy.get('h2').should(\"contain\", \"Login\");",
              "err": {},
              "uuid": "8097c627-8f3e-4167-a42b-947d54bd0932",
              "parentUUID": "30866853-a19e-40af-ad43-cdc6089ba797",
              "isHook": false,
              "skipped": false
            }
          ],
          "suites": [],
          "passes": [
            "8097c627-8f3e-4167-a42b-947d54bd0932"
          ],
          "failures": [],
          "pending": [],
          "skipped": [],
          "duration": 2392,
          "root": false,
          "rootEmpty": false,
          "_timeout": 2000
        }
      ],
      "passes": [],
      "failures": [],
      "pending": [],
      "skipped": [],
      "duration": 0,
      "root": true,
      "rootEmpty": true,
      "_timeout": 2000
    },
    {
      "uuid": "15eb2b1a-d332-4ebb-83aa-b4ab95acba8a",
      "title": "",
      "fullFile": "cypress/integration/test-suite-with-po-spec.js",
      "file": "cypress/integration/test-suite-with-po-spec.js",
      "beforeHooks": [],
      "afterHooks": [],
      "tests": [],
      "suites": [
        {
          "uuid": "042da9de-f02d-4e3a-a329-bd4bd078e37c",
          "title": "Test suite with Page-objects",
          "fullFile": "",
          "file": "",
          "beforeHooks": [],
          "afterHooks": [],
          "tests": [
            {
              "title": "Create client and verify",
              "fullTitle": "Test suite with Page-objects Create client and verify",
              "timedOut": null,
              "duration": 3839,
              "state": "passed",
              "speed": "slow",
              "pass": true,
              "fail": false,
              "pending": false,
              "context": null,
              "code": "dashboardPage.viewClients(\"Clients\");\nclientsPage.createClient(\"New Client\");\ncreateNewClient.createNewClient(randomName, randomMail, randomPhone, \"Clients\");\nclientsPage.verifyLastClient(randomName, randomMail, randomPhone);",
              "err": {},
              "uuid": "5d57b0d5-eb03-478c-9cdd-6a17835a08bb",
              "parentUUID": "042da9de-f02d-4e3a-a329-bd4bd078e37c",
              "isHook": false,
              "skipped": false
            },
            {
              "title": "Delete last client",
              "fullTitle": "Test suite with Page-objects Delete last client",
              "timedOut": null,
              "duration": 2479,
              "state": "passed",
              "speed": "slow",
              "pass": true,
              "fail": false,
              "pending": false,
              "context": null,
              "code": "dashboardPage.viewClients(\"Clients\");\nclientsPage.deleteLastClient();\ndashboardPage.performLogout(\"Login\");",
              "err": {},
              "uuid": "c325c3f2-eace-452d-9fad-55a7b881b2cf",
              "parentUUID": "042da9de-f02d-4e3a-a329-bd4bd078e37c",
              "isHook": false,
              "skipped": false
            },
            {
              "title": "Create room",
              "fullTitle": "Test suite with Page-objects Create room",
              "timedOut": null,
              "duration": 3260,
              "state": "passed",
              "speed": "slow",
              "pass": true,
              "fail": false,
              "pending": false,
              "context": null,
              "code": "dashboardPage.viewRooms(\"Rooms\");\nroomsPage.createRoom(\"New Room\");\ncreateNewRoom.createNewRoom('double', '104', '4', '4000kr', 'balcony', 'ensuite', 'Rooms');",
              "err": {},
              "uuid": "a0da35f2-3e7a-4fe1-ba8d-3cf1bef851f4",
              "parentUUID": "042da9de-f02d-4e3a-a329-bd4bd078e37c",
              "isHook": false,
              "skipped": false
            },
            {
              "title": "Verify new room created",
              "fullTitle": "Test suite with Page-objects Verify new room created",
              "timedOut": null,
              "duration": 4847,
              "state": "failed",
              "speed": null,
              "pass": false,
              "fail": true,
              "pending": false,
              "context": null,
              "code": "dashboardPage.viewRooms(\"Rooms\");\nroomsPage.verifyNewRoomCreated('double', '104', '4', '4000kr', 'balcony', 'ensuite');",
              "err": {
                "message": "AssertionError: Timed out retrying after 4000ms: expected '<h2>' to contain 'Login'\n\nBecause this error occurred during a `before each` hook we are skipping the remaining tests in the current suite: `Test suite with Page-objects`",
                "estack": "AssertionError: Timed out retrying after 4000ms: expected '<h2>' to contain 'Login'\n\nBecause this error occurred during a `before each` hook we are skipping the remaining tests in the current suite: `Test suite with Page-objects`\n    at Object.performValidLogin (http://localhost:3000/__cypress/tests?p=cypress/integration/test-suite-with-po-spec.js:445:24)\n    at Context.eval (http://localhost:3000/__cypress/tests?p=cypress/integration/test-suite-with-po-spec.js:221:15)",
                "diff": null
              },
              "uuid": "6114912f-28cf-47a3-a2b0-4bbb5835b141",
              "parentUUID": "042da9de-f02d-4e3a-a329-bd4bd078e37c",
              "isHook": false,
              "skipped": false
            },
            {
              "title": "Delete last room",
              "fullTitle": "Test suite with Page-objects Delete last room",
              "timedOut": null,
              "duration": 0,
              "state": "skipped",
              "speed": null,
              "pass": false,
              "fail": false,
              "pending": false,
              "context": null,
              "code": "dashboardPage.viewRooms(\"Rooms\");\nroomsPage.deleteLastRoom();",
              "err": {},
              "uuid": "8751789d-c174-4773-acd4-c5dcd4fd0ae2",
              "parentUUID": "042da9de-f02d-4e3a-a329-bd4bd078e37c",
              "isHook": false,
              "skipped": true
            },
            {
              "title": "Input negative values",
              "fullTitle": "Test suite with Page-objects Input negative values",
              "timedOut": null,
              "duration": 0,
              "state": "skipped",
              "speed": null,
              "pass": false,
              "fail": false,
              "pending": false,
              "context": null,
              "code": "dashboardPage.viewRooms(\"Rooms\");\nroomsPage.createRoom(\"New Room\");\ncreateNewRoom.inputNegativeValues('Double', '-104', '-3', '-1500kr', 'Balcony', 'Price must be greater than 0');",
              "err": {},
              "uuid": "0b8300ab-9316-4153-89de-656985009e29",
              "parentUUID": "042da9de-f02d-4e3a-a329-bd4bd078e37c",
              "isHook": false,
              "skipped": true
            }
          ],
          "suites": [],
          "passes": [
            "5d57b0d5-eb03-478c-9cdd-6a17835a08bb",
            "c325c3f2-eace-452d-9fad-55a7b881b2cf",
            "a0da35f2-3e7a-4fe1-ba8d-3cf1bef851f4"
          ],
          "failures": [
            "6114912f-28cf-47a3-a2b0-4bbb5835b141"
          ],
          "pending": [],
          "skipped": [
            "8751789d-c174-4773-acd4-c5dcd4fd0ae2",
            "0b8300ab-9316-4153-89de-656985009e29"
          ],
          "duration": 14425,
          "root": false,
          "rootEmpty": false,
          "_timeout": 2000
        }
      ],
      "passes": [],
      "failures": [],
      "pending": [],
      "skipped": [],
      "duration": 0,
      "root": true,
      "rootEmpty": true,
      "_timeout": 2000
    },
    {
      "uuid": "925cc2fa-d52d-492d-9990-2a3083c0006c",
      "title": "",
      "fullFile": "cypress/integration/Client-spec.js",
      "file": "cypress/integration/Client-spec.js",
      "beforeHooks": [],
      "afterHooks": [],
      "tests": [],
      "suites": [
        {
          "uuid": "68dcef41-a632-4050-8d54-e6dc4c5e8b46",
          "title": "Login user",
          "fullFile": "",
          "file": "",
          "beforeHooks": [],
          "afterHooks": [],
          "tests": [
            {
              "title": "Login",
              "fullTitle": "Login user Login",
              "timedOut": null,
              "duration": 1742,
              "state": "passed",
              "speed": "slow",
              "pass": true,
              "fail": false,
              "pending": false,
              "context": null,
              "code": "cy.visit(\"http://localhost:3000\");\ncy.get('h2').should(\"contain\", \"Login\");\ncy.get(':nth-child(1) > input').type(\"tester01\");\ncy.get(':nth-child(2) > input').type(\"GteteqbQQgSr88SwNExUQv2ydb7xuf8c\");\ncy.get('.btn').click();\ncy.get('.username').should(\"contain\", \"Welcome tester01!\");\ncy.get('h2').should(\"contain\", \"Tester Hotel Overview\");",
              "err": {},
              "uuid": "f2ff3615-a8a9-40ed-95f0-5dc5e574ea49",
              "parentUUID": "68dcef41-a632-4050-8d54-e6dc4c5e8b46",
              "isHook": false,
              "skipped": false
            },
            {
              "title": "Create client",
              "fullTitle": "Login user Create client",
              "timedOut": null,
              "duration": 1312,
              "state": "passed",
              "speed": "slow",
              "pass": true,
              "fail": false,
              "pending": false,
              "context": null,
              "code": "cy.visit(\"http://localhost:3000/clients\");\ncy.get('h2').should(\"contain\", \"Clients\");\ncy.get('h2 > .btn').click();\ncy.get('h2').should(\"contain\", \"New Client\");\ncy.get(':nth-child(1) > input').type(\"tester\");\ncy.get(':nth-child(2) > input').type(\"tester@tester.com\");\ncy.get(':nth-child(3) > input').type(\"1234567891\");\ncy.get('.blue').click();\ncy.get('h2').should(\"contain\", \"Clients\");\ncy.get(':nth-child(3) > :nth-child(2) > h3').should(\"contain\", \"tester\");\ncy.get('.user > .btn').click();\ncy.get('h2').should(\"contain\", \"Login\");",
              "err": {},
              "uuid": "8e04019f-c283-4d79-8644-632cdb4bbfb1",
              "parentUUID": "68dcef41-a632-4050-8d54-e6dc4c5e8b46",
              "isHook": false,
              "skipped": false
            }
          ],
          "suites": [],
          "passes": [
            "f2ff3615-a8a9-40ed-95f0-5dc5e574ea49",
            "8e04019f-c283-4d79-8644-632cdb4bbfb1"
          ],
          "failures": [],
          "pending": [],
          "skipped": [],
          "duration": 3054,
          "root": false,
          "rootEmpty": false,
          "_timeout": 2000
        }
      ],
      "passes": [],
      "failures": [],
      "pending": [],
      "skipped": [],
      "duration": 0,
      "root": true,
      "rootEmpty": true,
      "_timeout": 2000
    },
    {
      "uuid": "f994e5e5-77b4-438e-afd4-b9cfd8a53a3e",
      "title": "",
      "fullFile": "cypress/integration/Login-spec.js",
      "file": "cypress/integration/Login-spec.js",
      "beforeHooks": [],
      "afterHooks": [],
      "tests": [],
      "suites": [
        {
          "uuid": "f80a3117-3fa6-4bff-a0da-5e655fa2bb64",
          "title": "Login user",
          "fullFile": "",
          "file": "",
          "beforeHooks": [],
          "afterHooks": [],
          "tests": [
            {
              "title": "Login",
              "fullTitle": "Login user Login",
              "timedOut": null,
              "duration": 1821,
              "state": "passed",
              "speed": "slow",
              "pass": true,
              "fail": false,
              "pending": false,
              "context": null,
              "code": "cy.visit(\"http://localhost:3000\");\ncy.get('h2').should(\"contain\", \"Login\");\ncy.get(':nth-child(1) > input').type(\"tester01\");\ncy.get(':nth-child(2) > input').type(\"GteteqbQQgSr88SwNExUQv2ydb7xuf8c\");\ncy.get('.btn').click();\ncy.get('.username').should(\"contain\", \"Welcome tester01!\");\ncy.get('h2').should(\"contain\", \"Tester Hotel Overview\");\ncy.get('.user > .btn').click();\ncy.get('h2').should(\"contain\", \"Login\");",
              "err": {},
              "uuid": "dfdd310b-6b33-45c3-b622-61114c05ee55",
              "parentUUID": "f80a3117-3fa6-4bff-a0da-5e655fa2bb64",
              "isHook": false,
              "skipped": false
            }
          ],
          "suites": [],
          "passes": [
            "dfdd310b-6b33-45c3-b622-61114c05ee55"
          ],
          "failures": [],
          "pending": [],
          "skipped": [],
          "duration": 1821,
          "root": false,
          "rootEmpty": false,
          "_timeout": 2000
        }
      ],
      "passes": [],
      "failures": [],
      "pending": [],
      "skipped": [],
      "duration": 0,
      "root": true,
      "rootEmpty": true,
      "_timeout": 2000
    },
    {
      "uuid": "8865a0ac-6f16-439e-be9c-246284f8d2ad",
      "title": "",
      "fullFile": "cypress/integration/test-suite-with-po-spec.js",
      "file": "cypress/integration/test-suite-with-po-spec.js",
      "beforeHooks": [],
      "afterHooks": [],
      "tests": [],
      "suites": [
        {
          "uuid": "d02ab747-ef98-49ee-b292-e4639dadf652",
          "title": "Test suite with Page-objects",
          "fullFile": "",
          "file": "",
          "beforeHooks": [],
          "afterHooks": [],
          "tests": [
            {
              "title": "Create client and verify",
              "fullTitle": "Test suite with Page-objects Create client and verify",
              "timedOut": null,
              "duration": 2957,
              "state": "passed",
              "speed": "slow",
              "pass": true,
              "fail": false,
              "pending": false,
              "context": null,
              "code": "dashboardPage.viewClients(\"Clients\");\nclientsPage.createClient(\"New Client\");\ncreateNewClient.createNewClient(randomName, randomMail, randomPhone, \"Clients\");\nclientsPage.verifyLastClient(randomName, randomMail, randomPhone);",
              "err": {},
              "uuid": "b8786218-5ba6-4393-a3f8-a074c495bf8e",
              "parentUUID": "d02ab747-ef98-49ee-b292-e4639dadf652",
              "isHook": false,
              "skipped": false
            },
            {
              "title": "Delete last client",
              "fullTitle": "Test suite with Page-objects Delete last client",
              "timedOut": null,
              "duration": 1857,
              "state": "passed",
              "speed": "slow",
              "pass": true,
              "fail": false,
              "pending": false,
              "context": null,
              "code": "dashboardPage.viewClients(\"Clients\");\nclientsPage.deleteLastClient();\ndashboardPage.performLogout(\"Login\");",
              "err": {},
              "uuid": "cbf9d7ed-4adc-4389-bfe5-892047de7ffd",
              "parentUUID": "d02ab747-ef98-49ee-b292-e4639dadf652",
              "isHook": false,
              "skipped": false
            },
            {
              "title": "Create room",
              "fullTitle": "Test suite with Page-objects Create room",
              "timedOut": null,
              "duration": 2687,
              "state": "passed",
              "speed": "slow",
              "pass": true,
              "fail": false,
              "pending": false,
              "context": null,
              "code": "dashboardPage.viewRooms(\"Rooms\");\nroomsPage.createRoom(\"New Room\");\ncreateNewRoom.createNewRoom('double', '104', '4', '4000kr', 'balcony', 'ensuite', 'Rooms');",
              "err": {},
              "uuid": "66346566-2212-4dc0-87a7-4609dd65322a",
              "parentUUID": "d02ab747-ef98-49ee-b292-e4639dadf652",
              "isHook": false,
              "skipped": false
            },
            {
              "title": "Verify new room created",
              "fullTitle": "Test suite with Page-objects Verify new room created",
              "timedOut": null,
              "duration": 1657,
              "state": "passed",
              "speed": "slow",
              "pass": true,
              "fail": false,
              "pending": false,
              "context": null,
              "code": "dashboardPage.viewRooms(\"Rooms\");\nroomsPage.verifyNewRoomCreated('double', '104', '4', '4000kr', 'balcony', 'ensuite');",
              "err": {},
              "uuid": "74708d4e-0a92-42a4-8665-91eddc4fa26a",
              "parentUUID": "d02ab747-ef98-49ee-b292-e4639dadf652",
              "isHook": false,
              "skipped": false
            },
            {
              "title": "Delete last room",
              "fullTitle": "Test suite with Page-objects Delete last room",
              "timedOut": null,
              "duration": 1840,
              "state": "passed",
              "speed": "slow",
              "pass": true,
              "fail": false,
              "pending": false,
              "context": null,
              "code": "dashboardPage.viewRooms(\"Rooms\");\nroomsPage.deleteLastRoom();",
              "err": {},
              "uuid": "63ee8777-fabf-41b7-b832-bd6f6204cc56",
              "parentUUID": "d02ab747-ef98-49ee-b292-e4639dadf652",
              "isHook": false,
              "skipped": false
            },
            {
              "title": "Input negative values",
              "fullTitle": "Test suite with Page-objects Input negative values",
              "timedOut": null,
              "duration": 4379,
              "state": "failed",
              "speed": null,
              "pass": false,
              "fail": true,
              "pending": false,
              "context": null,
              "code": "dashboardPage.viewRooms(\"Rooms\");\nroomsPage.createRoom(\"New Room\");\ncreateNewRoom.inputNegativeValues('Double', '-104', '-3', '-1500kr', 'Balcony', 'Price must be greater than 0');",
              "err": {
                "message": "AssertionError: Timed out retrying after 4000ms: expected '<h2>' to contain 'Login'\n\nBecause this error occurred during a `before each` hook we are skipping the remaining tests in the current suite: `Test suite with Page-objects`",
                "estack": "AssertionError: Timed out retrying after 4000ms: expected '<h2>' to contain 'Login'\n\nBecause this error occurred during a `before each` hook we are skipping the remaining tests in the current suite: `Test suite with Page-objects`\n    at Object.performValidLogin (http://localhost:3000/__cypress/tests?p=cypress/integration/test-suite-with-po-spec.js:445:24)\n    at Context.eval (http://localhost:3000/__cypress/tests?p=cypress/integration/test-suite-with-po-spec.js:221:15)",
                "diff": null
              },
              "uuid": "90fc18a1-85b7-4194-8aa8-00ac7ae251ea",
              "parentUUID": "d02ab747-ef98-49ee-b292-e4639dadf652",
              "isHook": false,
              "skipped": false
            }
          ],
          "suites": [],
          "passes": [
            "b8786218-5ba6-4393-a3f8-a074c495bf8e",
            "cbf9d7ed-4adc-4389-bfe5-892047de7ffd",
            "66346566-2212-4dc0-87a7-4609dd65322a",
            "74708d4e-0a92-42a4-8665-91eddc4fa26a",
            "63ee8777-fabf-41b7-b832-bd6f6204cc56"
          ],
          "failures": [
            "90fc18a1-85b7-4194-8aa8-00ac7ae251ea"
          ],
          "pending": [],
          "skipped": [],
          "duration": 15377,
          "root": false,
          "rootEmpty": false,
          "_timeout": 2000
        }
      ],
      "passes": [],
      "failures": [],
      "pending": [],
      "skipped": [],
      "duration": 0,
      "root": true,
      "rootEmpty": true,
      "_timeout": 2000
    },
    {
      "uuid": "0e5b337f-63a1-4007-a65b-590a85bd39e1",
      "title": "",
      "fullFile": "cypress/integration/Client-spec.js",
      "file": "cypress/integration/Client-spec.js",
      "beforeHooks": [],
      "afterHooks": [],
      "tests": [],
      "suites": [
        {
          "uuid": "4233bea6-1da2-424e-9f3c-01c0e2fab4f2",
          "title": "Login user",
          "fullFile": "",
          "file": "",
          "beforeHooks": [],
          "afterHooks": [],
          "tests": [
            {
              "title": "Login",
              "fullTitle": "Login user Login",
              "timedOut": null,
              "duration": 2261,
              "state": "passed",
              "speed": "slow",
              "pass": true,
              "fail": false,
              "pending": false,
              "context": null,
              "code": "cy.visit(\"http://localhost:3000\");\ncy.get('h2').should(\"contain\", \"Login\");\ncy.get(':nth-child(1) > input').type(\"tester01\");\ncy.get(':nth-child(2) > input').type(\"GteteqbQQgSr88SwNExUQv2ydb7xuf8c\");\ncy.get('.btn').click();\ncy.get('.username').should(\"contain\", \"Welcome tester01!\");\ncy.get('h2').should(\"contain\", \"Tester Hotel Overview\");",
              "err": {},
              "uuid": "1fcaccfb-28be-478e-86f3-70da719a7fdf",
              "parentUUID": "4233bea6-1da2-424e-9f3c-01c0e2fab4f2",
              "isHook": false,
              "skipped": false
            },
            {
              "title": "Create client",
              "fullTitle": "Login user Create client",
              "timedOut": null,
              "duration": 1864,
              "state": "passed",
              "speed": "slow",
              "pass": true,
              "fail": false,
              "pending": false,
              "context": null,
              "code": "cy.visit(\"http://localhost:3000/clients\");\ncy.get('h2').should(\"contain\", \"Clients\");\ncy.get('h2 > .btn').click();\ncy.get('h2').should(\"contain\", \"New Client\");\ncy.get(':nth-child(1) > input').type(\"tester\");\ncy.get(':nth-child(2) > input').type(\"tester@tester.com\");\ncy.get(':nth-child(3) > input').type(\"1234567891\");\ncy.get('.blue').click();\ncy.get('h2').should(\"contain\", \"Clients\");\ncy.get(':nth-child(3) > :nth-child(2) > h3').should(\"contain\", \"tester\");\ncy.get('.user > .btn').click();\ncy.get('h2').should(\"contain\", \"Login\");",
              "err": {},
              "uuid": "021b06cf-4db5-4501-863d-c0ce4f8e3e8e",
              "parentUUID": "4233bea6-1da2-424e-9f3c-01c0e2fab4f2",
              "isHook": false,
              "skipped": false
            }
          ],
          "suites": [],
          "passes": [
            "1fcaccfb-28be-478e-86f3-70da719a7fdf",
            "021b06cf-4db5-4501-863d-c0ce4f8e3e8e"
          ],
          "failures": [],
          "pending": [],
          "skipped": [],
          "duration": 4125,
          "root": false,
          "rootEmpty": false,
          "_timeout": 2000
        }
      ],
      "passes": [],
      "failures": [],
      "pending": [],
      "skipped": [],
      "duration": 0,
      "root": true,
      "rootEmpty": true,
      "_timeout": 2000
    }
  ],
  "meta": {
    "mocha": {
      "version": "7.0.1"
    },
    "mochawesome": {
      "options": {
        "quiet": false,
        "reportFilename": "mochawesome",
        "saveHtml": false,
        "saveJson": true,
        "consoleReporter": "spec",
        "useInlineDiffs": false,
        "code": true
      },
      "version": "6.2.2"
    },
    "marge": {
      "options": {
        "reportDir": "cypress/results",
        "overwrite": false,
        "html": false,
        "json": true
      },
      "version": "5.2.0"
    }
  }
}